Thesisprojekt/Library/Bee/Android/Prj/IL2CPP/Gradle/launcher/build/intermediates/manifest_merge_blame_file/release/manifest-merger-blame-release-report.txt
1<?xml version="1.0" encoding="utf-8"?>
2<manifest xmlns:android="http://schemas.android.com/apk/res/android"
3    package="com.HHNBachelorthesisTabeaLeibl.Thesisprojekt"
4    android:installLocation="auto"
5    android:versionCode="1"
6    android:versionName="0.1" >
7
8    <uses-sdk
9        android:minSdkVersion="23"
9-->src\main\AndroidManifest.xml
10        android:targetSdkVersion="30" />
10-->src\main\AndroidManifest.xml
11
12    <supports-screens
12-->src\main\AndroidManifest.xml:3:3-163
13        android:anyDensity="true"
13-->src\main\AndroidManifest.xml:3:135-160
14        android:largeScreens="true"
14-->src\main\AndroidManifest.xml:3:78-105
15        android:normalScreens="true"
15-->src\main\AndroidManifest.xml:3:49-77
16        android:smallScreens="true"
16-->src\main\AndroidManifest.xml:3:21-48
17        android:xlargeScreens="true" />
17-->src\main\AndroidManifest.xml:3:106-134
18
19    <uses-feature android:glEsVersion="0x00030000" />
19-->[:unityLibrary] AndroidManifest.xml:12:5-54
19-->[:unityLibrary] AndroidManifest.xml:12:19-51
20    <uses-feature
20-->[:unityLibrary] AndroidManifest.xml:13:5-15:36
21        android:name="android.hardware.vulkan.version"
21-->[:unityLibrary] AndroidManifest.xml:14:9-55
22        android:required="false" />
22-->[:unityLibrary] AndroidManifest.xml:15:9-33
23
24    <supports-gl-texture android:name="GL_KHR_texture_compression_astc_ldr" />
24-->[:unityLibrary] AndroidManifest.xml:17:5-79
24-->[:unityLibrary] AndroidManifest.xml:17:26-76
25
26    <uses-feature
26-->[:unityLibrary] AndroidManifest.xml:19:5-21:36
27        android:name="android.hardware.touchscreen"
27-->[:unityLibrary] AndroidManifest.xml:20:9-52
28        android:required="false" />
28-->[:unityLibrary] AndroidManifest.xml:21:9-33
29
30    <application
30-->src\main\AndroidManifest.xml:4:3-83
31        android:extractNativeLibs="true"
31-->[:unityLibrary] AndroidManifest.xml:23:18-50
32        android:icon="@mipmap/app_icon"
32-->src\main\AndroidManifest.xml:4:49-80
33        android:label="@string/app_name" >
33-->src\main\AndroidManifest.xml:4:16-48
34        <activity
34-->[:unityLibrary] AndroidManifest.xml:24:9-44:20
35            android:name="com.unity3d.player.UnityPlayerActivity"
35-->[:unityLibrary] AndroidManifest.xml:25:13-66
36            android:configChanges="mcc|mnc|locale|touchscreen|keyboard|keyboardHidden|navigation|orientation|screenLayout|uiMode|screenSize|smallestScreenSize|fontScale|layoutDirection|density"
36-->[:unityLibrary] AndroidManifest.xml:26:13-194
37            android:hardwareAccelerated="false"
37-->[:unityLibrary] AndroidManifest.xml:27:13-48
38            android:launchMode="singleTask"
38-->[:unityLibrary] AndroidManifest.xml:28:13-44
39            android:resizeableActivity="false"
39-->[:unityLibrary] AndroidManifest.xml:29:13-47
40            android:screenOrientation="fullUser"
40-->[:unityLibrary] AndroidManifest.xml:30:13-49
41            android:theme="@style/UnityThemeSelector" >
41-->[:unityLibrary] AndroidManifest.xml:31:13-54
42            <intent-filter>
42-->[:unityLibrary] AndroidManifest.xml:32:13-36:29
43                <action android:name="android.intent.action.MAIN" />
43-->[:unityLibrary] AndroidManifest.xml:33:17-69
43-->[:unityLibrary] AndroidManifest.xml:33:25-66
44
45                <category android:name="android.intent.category.LAUNCHER" />
45-->[:unityLibrary] AndroidManifest.xml:35:17-77
45-->[:unityLibrary] AndroidManifest.xml:35:27-74
46            </intent-filter>
47
48            <meta-data
48-->[:unityLibrary] AndroidManifest.xml:38:13-40:40
49                android:name="unityplayer.UnityActivity"
49-->[:unityLibrary] AndroidManifest.xml:39:17-57
50                android:value="true" />
50-->[:unityLibrary] AndroidManifest.xml:40:17-37
51            <meta-data
51-->[:unityLibrary] AndroidManifest.xml:41:13-43:40
52                android:name="android.notch_support"
52-->[:unityLibrary] AndroidManifest.xml:42:17-53
53                android:value="true" />
53-->[:unityLibrary] AndroidManifest.xml:43:17-37
54        </activity>
55
56        <meta-data
56-->[:unityLibrary] AndroidManifest.xml:46:9-48:33
57            android:name="unity.splash-mode"
57-->[:unityLibrary] AndroidManifest.xml:47:13-45
58            android:value="0" />
58-->[:unityLibrary] AndroidManifest.xml:48:13-30
59        <meta-data
59-->[:unityLibrary] AndroidManifest.xml:49:9-51:36
60            android:name="unity.splash-enable"
60-->[:unityLibrary] AndroidManifest.xml:50:13-47
61            android:value="True" />
61-->[:unityLibrary] AndroidManifest.xml:51:13-33
62        <meta-data
62-->[:unityLibrary] AndroidManifest.xml:52:9-54:36
63            android:name="unity.launch-fullscreen"
63-->[:unityLibrary] AndroidManifest.xml:53:13-51
64            android:value="True" />
64-->[:unityLibrary] AndroidManifest.xml:54:13-33
65        <meta-data
65-->[:unityLibrary] AndroidManifest.xml:55:9-57:37
66            android:name="unity.allow-resizable-window"
66-->[:unityLibrary] AndroidManifest.xml:56:13-56
67            android:value="False" />
67-->[:unityLibrary] AndroidManifest.xml:57:13-34
68        <meta-data
68-->[:unityLibrary] AndroidManifest.xml:58:9-60:50
69            android:name="notch.config"
69-->[:unityLibrary] AndroidManifest.xml:59:13-40
70            android:value="portrait|landscape" />
70-->[:unityLibrary] AndroidManifest.xml:60:13-47
71    </application>
72
73</manifest>